<?xml version="1.0" encoding="UTF-8"?>
<testsuite name="ru.m2.qa.perf.simplegrpcloadtest.GrpcLoadTest" tests="1" skipped="0" failures="0" errors="0" timestamp="2022-10-12T12:30:35" hostname="MacBook-Pro-Oleg.local" time="603.176">
  <properties/>
  <testcase name="testPerformance()" classname="ru.m2.qa.perf.simplegrpcloadtest.GrpcLoadTest" time="603.176"/>
  <system-out><![CDATA[15:30:36.484 [Test worker] ERROR org.apache.jmeter.util.JMeterUtils - Could not find resources for 'ru_RU'
 +     31 in 00:00:23 =    1,3/s Avg:   830 Min:   721 Max:  2024 Err:     0 (0,00%) Active: 2 Started: 5 Finished: 3
 +     45 in 00:00:29 =    1,5/s Avg:   770 Min:   699 Max:  1260 Err:     0 (0,00%) Active: 3 Started: 7 Finished: 4
 =     76 in 00:00:53 =    1,4/s Avg:   794 Min:   699 Max:  2024 Err:     0 (0,00%)
 +     61 in 00:00:30 =    2,0/s Avg:   739 Min:   700 Max:   816 Err:     0 (0,00%) Active: 3 Started: 7 Finished: 4
 =    137 in 00:01:23 =    1,6/s Avg:   769 Min:   699 Max:  2024 Err:     0 (0,00%)
 +     67 in 00:00:30 =    2,3/s Avg:   717 Min:   681 Max:   778 Err:     0 (0,00%) Active: 3 Started: 9 Finished: 6
 =    204 in 00:01:53 =    1,8/s Avg:   752 Min:   681 Max:  2024 Err:     0 (0,00%)
 +     84 in 00:00:30 =    2,8/s Avg:   720 Min:   674 Max:   924 Err:     0 (0,00%) Active: 3 Started: 12 Finished: 9
 =    288 in 00:02:23 =    2,0/s Avg:   743 Min:   674 Max:  2024 Err:     0 (0,00%)
 +     87 in 00:00:30 =    2,9/s Avg:   693 Min:   670 Max:   822 Err:     0 (0,00%) Active: 4 Started: 14 Finished: 10
 =    375 in 00:02:53 =    2,2/s Avg:   731 Min:   670 Max:  2024 Err:     0 (0,00%)
 +    100 in 00:00:30 =    3,3/s Avg:   759 Min:   669 Max:  1335 Err:     0 (0,00%) Active: 5 Started: 19 Finished: 14
 =    475 in 00:03:23 =    2,3/s Avg:   737 Min:   669 Max:  2024 Err:     0 (0,00%)
 +    121 in 00:00:30 =    4,0/s Avg:   733 Min:   670 Max:  1152 Err:     0 (0,00%) Active: 4 Started: 20 Finished: 16
 =    596 in 00:03:53 =    2,6/s Avg:   736 Min:   669 Max:  2024 Err:     0 (0,00%)
 +    120 in 00:00:30 =    4,0/s Avg:   693 Min:   664 Max:   781 Err:     0 (0,00%) Active: 4 Started: 20 Finished: 16
 =    716 in 00:04:23 =    2,7/s Avg:   729 Min:   664 Max:  2024 Err:     0 (0,00%)
 +    133 in 00:00:30 =    4,5/s Avg:   727 Min:   668 Max:  1125 Err:     0 (0,00%) Active: 4 Started: 26 Finished: 22
 =    849 in 00:04:53 =    2,9/s Avg:   729 Min:   664 Max:  2024 Err:     0 (0,00%)
 +    139 in 00:00:30 =    4,6/s Avg:   762 Min:   675 Max:  1428 Err:     0 (0,00%) Active: 5 Started: 31 Finished: 26
 =    988 in 00:05:23 =    3,1/s Avg:   733 Min:   664 Max:  2024 Err:     0 (0,00%)
 +    150 in 00:00:30 =    5,0/s Avg:   868 Min:   678 Max:  1458 Err:     0 (0,00%) Active: 5 Started: 34 Finished: 29
 =   1138 in 00:05:53 =    3,2/s Avg:   751 Min:   664 Max:  2024 Err:     0 (0,00%)
 +    164 in 00:00:30 =    5,5/s Avg:   733 Min:   677 Max:   890 Err:     0 (0,00%) Active: 5 Started: 38 Finished: 33
 =   1302 in 00:06:23 =    3,4/s Avg:   749 Min:   664 Max:  2024 Err:     0 (0,00%)
 +    169 in 00:00:30 =    5,6/s Avg:   751 Min:   687 Max:  1154 Err:     0 (0,00%) Active: 6 Started: 43 Finished: 37
 =   1471 in 00:06:53 =    3,6/s Avg:   749 Min:   664 Max:  2024 Err:     0 (0,00%)
 +    183 in 00:00:30 =    6,1/s Avg:   757 Min:   686 Max:  1171 Err:     0 (0,00%) Active: 6 Started: 44 Finished: 38
 =   1654 in 00:07:23 =    3,7/s Avg:   750 Min:   664 Max:  2024 Err:     0 (0,00%)
 +    197 in 00:00:30 =    6,6/s Avg:   871 Min:   678 Max:  1446 Err:     0 (0,00%) Active: 7 Started: 51 Finished: 44
 =   1851 in 00:07:53 =    3,9/s Avg:   763 Min:   664 Max:  2024 Err:     0 (0,00%)
 +    207 in 00:00:30 =    6,9/s Avg:   867 Min:   739 Max:  1293 Err:     0 (0,00%) Active: 7 Started: 54 Finished: 47
 =   2058 in 00:08:23 =    4,1/s Avg:   773 Min:   664 Max:  2024 Err:     0 (0,00%)
 +    207 in 00:00:30 =    6,9/s Avg:   984 Min:   742 Max:  1444 Err:     0 (0,00%) Active: 8 Started: 63 Finished: 55
 =   2265 in 00:08:53 =    4,2/s Avg:   793 Min:   664 Max:  2024 Err:     0 (0,00%)
 +    227 in 00:00:30 =    7,6/s Avg:  1116 Min:   746 Max:  1419 Err:     0 (0,00%) Active: 10 Started: 71 Finished: 61
 =   2492 in 00:09:23 =    4,4/s Avg:   822 Min:   664 Max:  2024 Err:     0 (0,00%)
 +    226 in 00:00:30 =    7,6/s Avg:  1056 Min:   822 Max:  1507 Err:     0 (0,00%) Active: 13 Started: 82 Finished: 69
 =   2718 in 00:09:53 =    4,6/s Avg:   841 Min:   664 Max:  2024 Err:     0 (0,00%)
 +     66 in 00:00:09 =    7,6/s Avg:  1323 Min:  1002 Max:  1468 Err:     0 (0,00%) Active: 0 Started: 84 Finished: 84
 =   2784 in 00:10:02 =    4,6/s Avg:   853 Min:   664 Max:  2024 Err:     0 (0,00%)
]]></system-out>
  <system-err><![CDATA[]]></system-err>
</testsuite>
